<?xml version="1.0" encoding="UTF-8"?>
<testsuite xmlns:xsi="http://www.w3.org/2001/XMLSchema-instance" xsi:schemaLocation="https://maven.apache.org/surefire/maven-surefire-plugin/xsd/surefire-test-report.xsd" name="TestSuite" time="53.103" tests="3" errors="0" skipped="0" failures="0">
  <properties>
[...]
</properties>
  <testcase name="f" classname="suite1.Test2" time="20.554"/>
  <testcase name="f" classname="suite1.Test1" time="6.363"/>
  <testcase name="f" classname="suite2.Test3" time="10.7"/>
</testsuite>