<?xml version="1.0" encoding="UTF-8"?>
<testng-results skipped="0" failed="0" ignored="0" total="3" passed="3">
  <reporter-output>
  </reporter-output>
  <suite name="Suite" duration-ms="74499" started-at="2019-10-29T04:44:24Z" finished-at="2019-10-29T04:45:39Z">
    <groups>
    </groups>
    <test name="Test" duration-ms="74499" started-at="2019-10-29T04:44:24Z" finished-at="2019-10-29T04:45:39Z">
      <class name="suite1.Test2">
        <test-method status="PASS" signature="f()[pri:0, instance:suite1.Test2@61832929]" name="f" duration-ms="36113" started-at="2019-10-29T04:44:24Z" finished-at="2019-10-29T04:45:01Z">
          <reporter-output>
          </reporter-output>
        </test-method> <!-- f -->
        <test-method status="PASS" signature="closeSuiteBrowser()[pri:0, instance:suite1.Test2@61832929]" name="closeSuiteBrowser" is-config="true" duration-ms="6725" started-at="2019-10-29T04:45:01Z" finished-at="2019-10-29T04:45:07Z">
          <reporter-output>
          </reporter-output>
        </test-method> <!-- closeSuiteBrowser -->
      </class> <!-- suite1.Test2 -->
      <class name="suite1.Test1">
        <test-method status="PASS" signature="f()[pri:0, instance:suite1.Test1@29774679]" name="f" duration-ms="8003" started-at="2019-10-29T04:45:07Z" finished-at="2019-10-29T04:45:15Z">
          <reporter-output>
          </reporter-output>
        </test-method> <!-- f -->
        <test-method status="PASS" signature="closeSuiteBrowser()[pri:0, instance:suite1.Test1@29774679]" name="closeSuiteBrowser" is-config="true" duration-ms="9090" started-at="2019-10-29T04:45:15Z" finished-at="2019-10-29T04:45:24Z">
          <reporter-output>
          </reporter-output>
        </test-method> <!-- closeSuiteBrowser -->
      </class> <!-- suite1.Test1 -->
      <class name="suite2.Test3">
        <test-method status="PASS" signature="f()[pri:0, instance:suite2.Test3@3ffc5af1]" name="f" duration-ms="12211" started-at="2019-10-29T04:45:24Z" finished-at="2019-10-29T04:45:37Z">
          <reporter-output>
          </reporter-output>
        </test-method> <!-- f -->
        <test-method status="PASS" signature="closeSuiteBrowser()[pri:0, instance:suite2.Test3@3ffc5af1]" name="closeSuiteBrowser" is-config="true" duration-ms="2288" started-at="2019-10-29T04:45:37Z" finished-at="2019-10-29T04:45:39Z">
          <reporter-output>
          </reporter-output>
        </test-method> <!-- closeSuiteBrowser -->
      </class> <!-- suite2.Test3 -->
    </test> <!-- Test -->
  </suite> <!-- Suite -->
</testng-results>
